Vivado Simulator 2016.2
Copyright 1986-1999, 2001-2016 Xilinx, Inc. All Rights Reserved.
Running: C:/Xilinx/Vivado/2016.2/bin/unwrapped/win64.o/xelab.exe -wto a4687488f4f24e2f84e4e28ceebe2d5c --debug typical --relax --mt 2 --maxdelay -L xil_defaultlib -L simprims_ver -L secureip --snapshot tb_time_synth -transport_int_delays -pulse_r 0 -pulse_int_r 0 xil_defaultlib.tb xil_defaultlib.glbl -log elaborate.log 
Using 2 slave threads.
Starting static elaboration
Completed static elaboration
Starting simulation data flow analysis
Completed simulation data flow analysis
INFO: [XSIM 43-3451] SDF backannotation process started with SDF file "tb_time_synth.sdf", for root module "tb/sc".
INFO: [XSIM 43-3452] SDF backannotation was successful for SDF file "tb_time_synth.sdf", for root module "tb/sc".
Time Resolution for simulation is 1ps
Compiling module simprims_ver.x_lut1_mux2
Compiling module simprims_ver.LUT1
Compiling module simprims_ver.latchsre_ldce
Compiling module simprims_ver.LDCE
Compiling module simprims_ver.BUFG
Compiling module simprims_ver.IBUF
Compiling module simprims_ver.OBUF
Compiling module simprims_ver.x_lut2_mux4
Compiling module simprims_ver.LUT2
Compiling module simprims_ver.sffsrce_fdre
Compiling module simprims_ver.FDRE(INIT=1'b1,IS_C_INVERTED=1'b...
Compiling module simprims_ver.LUT5
Compiling module simprims_ver.LUT6
Compiling module simprims_ver.FDRE(IS_C_INVERTED=1'b1)
Compiling module simprims_ver.MUXF7
Compiling module simprims_ver.RAMS64E(IS_CLK_INVERTED=1'b1,RAM...
Compiling module simprims_ver.RAMS64E(IS_CLK_INVERTED=1'b1,RAM...
Compiling module xil_defaultlib.RAM128X1S_UNIQ_BASE_
Compiling module xil_defaultlib.RAM128X1S_HD448
Compiling module xil_defaultlib.RAM128X1S_HD449
Compiling module xil_defaultlib.RAM128X1S_HD450
Compiling module xil_defaultlib.RAM128X1S_HD451
Compiling module xil_defaultlib.RAM128X1S_HD452
Compiling module xil_defaultlib.RAM128X1S_HD453
Compiling module xil_defaultlib.RAM128X1S_HD454
Compiling module xil_defaultlib.RAM128X1S_HD455
Compiling module xil_defaultlib.RAM128X1S_HD456
Compiling module xil_defaultlib.RAM128X1S_HD457
Compiling module xil_defaultlib.RAM128X1S_HD458
Compiling module xil_defaultlib.RAM128X1S_HD459
Compiling module xil_defaultlib.RAM128X1S_HD460
Compiling module xil_defaultlib.RAM128X1S_HD461
Compiling module xil_defaultlib.RAM128X1S_HD462
Compiling module xil_defaultlib.RAM128X1S_HD463
Compiling module xil_defaultlib.RAM128X1S_HD464
Compiling module xil_defaultlib.RAM128X1S_HD465
Compiling module xil_defaultlib.RAM128X1S_HD466
Compiling module xil_defaultlib.RAM128X1S_HD467
Compiling module xil_defaultlib.RAM128X1S_HD468
Compiling module xil_defaultlib.RAM128X1S_HD469
Compiling module xil_defaultlib.RAM128X1S_HD470
Compiling module xil_defaultlib.RAM128X1S_HD471
Compiling module xil_defaultlib.RAM128X1S_HD472
Compiling module xil_defaultlib.RAM128X1S_HD473
Compiling module xil_defaultlib.RAM128X1S_HD474
Compiling module xil_defaultlib.RAM128X1S_HD475
Compiling module xil_defaultlib.RAM128X1S_HD476
Compiling module xil_defaultlib.RAM128X1S_HD477
Compiling module xil_defaultlib.RAM128X1S_HD478
Compiling module simprims_ver.RAMS32(IS_CLK_INVERTED=1'b1)
Compiling module xil_defaultlib.RAM32X1S_UNIQ_BASE_
Compiling module xil_defaultlib.RAM32X1S_HD479
Compiling module xil_defaultlib.RAM32X1S_HD480
Compiling module xil_defaultlib.RAM32X1S_HD481
Compiling module xil_defaultlib.RAM32X1S_HD482
Compiling module xil_defaultlib.RAM32X1S_HD483
Compiling module xil_defaultlib.RAM32X1S_HD484
Compiling module xil_defaultlib.RAM32X1S_HD485
Compiling module xil_defaultlib.RAM32X1S_HD486
Compiling module xil_defaultlib.RAM32X1S_HD487
Compiling module xil_defaultlib.RAM32X1S_HD488
Compiling module xil_defaultlib.RAM32X1S_HD489
Compiling module xil_defaultlib.RAM32X1S_HD490
Compiling module xil_defaultlib.RAM32X1S_HD491
Compiling module xil_defaultlib.RAM32X1S_HD492
Compiling module xil_defaultlib.RAM32X1S_HD493
Compiling module xil_defaultlib.RAM32X1S_HD494
Compiling module xil_defaultlib.RAM32X1S_HD495
Compiling module xil_defaultlib.RAM32X1S_HD496
Compiling module xil_defaultlib.RAM32X1S_HD497
Compiling module xil_defaultlib.RAM32X1S_HD498
Compiling module xil_defaultlib.RAM32X1S_HD499
Compiling module xil_defaultlib.RAM32X1S_HD500
Compiling module xil_defaultlib.RAM32X1S_HD501
Compiling module xil_defaultlib.RAM32X1S_HD502
Compiling module xil_defaultlib.RAM32X1S_HD503
Compiling module xil_defaultlib.RAM32X1S_HD504
Compiling module xil_defaultlib.RAM32X1S_HD505
Compiling module xil_defaultlib.RAM32X1S_HD506
Compiling module xil_defaultlib.RAM32X1S_HD507
Compiling module xil_defaultlib.RAM32X1S_HD508
Compiling module xil_defaultlib.RAM32X1S_HD509
Compiling module xil_defaultlib.RAM32X1S_HD510
Compiling module xil_defaultlib.RAM32X1S_HD511
Compiling module xil_defaultlib.RAM32X1S_HD512
Compiling module xil_defaultlib.RAM32X1S_HD513
Compiling module xil_defaultlib.RAM32X1S_HD514
Compiling module xil_defaultlib.RAM32X1S_HD515
Compiling module xil_defaultlib.RAM32X1S_HD516
Compiling module xil_defaultlib.RAM32X1S_HD517
Compiling module xil_defaultlib.RAM32X1S_HD518
Compiling module xil_defaultlib.RAM32X1S_HD519
Compiling module xil_defaultlib.RAM32X1S_HD520
Compiling module xil_defaultlib.RAM32X1S_HD521
Compiling module xil_defaultlib.RAM32X1S_HD522
Compiling module xil_defaultlib.RAM32X1S_HD523
Compiling module xil_defaultlib.RAM32X1S_HD524
Compiling module xil_defaultlib.RAM32X1S_HD525
Compiling module xil_defaultlib.RAM32X1S_HD526
Compiling module xil_defaultlib.RAM32X1S_HD527
Compiling module xil_defaultlib.RAM32X1S_HD528
Compiling module xil_defaultlib.RAM32X1S_HD529
Compiling module xil_defaultlib.RAM32X1S_HD530
Compiling module xil_defaultlib.RAM32X1S_HD531
Compiling module xil_defaultlib.RAM32X1S_HD532
Compiling module xil_defaultlib.RAM32X1S_HD533
Compiling module xil_defaultlib.RAM32X1S_HD534
Compiling module xil_defaultlib.RAM32X1S_HD535
Compiling module xil_defaultlib.RAM32X1S_HD536
Compiling module xil_defaultlib.RAM32X1S_HD537
Compiling module xil_defaultlib.RAM32X1S_HD538
Compiling module xil_defaultlib.RAM32X1S_HD539
Compiling module xil_defaultlib.RAM32X1S_HD540
Compiling module xil_defaultlib.RAM32X1S_HD541
Compiling module simprims_ver.MUXF8
Compiling module simprims_ver.RAMS64E(IS_CLK_INVERTED=1'b1,RAM...
Compiling module simprims_ver.RAMS64E(IS_CLK_INVERTED=1'b1,RAM...
Compiling module simprims_ver.RAMS64E(IS_CLK_INVERTED=1'b1,RAM...
Compiling module simprims_ver.RAMS64E(IS_CLK_INVERTED=1'b1)
Compiling module xil_defaultlib.RAM256X1S_UNIQ_BASE_
Compiling module simprims_ver.x_lut3_mux4
Compiling module simprims_ver.x_lut3_mux4_reduced_0
Compiling module simprims_ver.LUT3
Compiling module xil_defaultlib.RAM256X1S_HD542
Compiling module xil_defaultlib.RAM256X1S_HD543
Compiling module xil_defaultlib.RAM256X1S_HD544
Compiling module xil_defaultlib.RAM256X1S_HD545
Compiling module xil_defaultlib.RAM256X1S_HD546
Compiling module xil_defaultlib.RAM256X1S_HD547
Compiling module xil_defaultlib.RAM256X1S_HD548
Compiling module xil_defaultlib.RAM256X1S_HD549
Compiling module xil_defaultlib.RAM256X1S_HD550
Compiling module xil_defaultlib.RAM256X1S_HD551
Compiling module xil_defaultlib.RAM256X1S_HD552
Compiling module xil_defaultlib.RAM256X1S_HD553
Compiling module xil_defaultlib.RAM256X1S_HD554
Compiling module xil_defaultlib.RAM256X1S_HD555
Compiling module xil_defaultlib.RAM256X1S_HD556
Compiling module xil_defaultlib.RAM256X1S_HD557
Compiling module xil_defaultlib.RAM256X1S_HD558
Compiling module xil_defaultlib.RAM256X1S_HD559
Compiling module xil_defaultlib.RAM256X1S_HD560
Compiling module xil_defaultlib.RAM256X1S_HD561
Compiling module xil_defaultlib.RAM256X1S_HD562
Compiling module xil_defaultlib.RAM256X1S_HD563
Compiling module xil_defaultlib.RAM256X1S_HD564
Compiling module xil_defaultlib.RAM256X1S_HD565
Compiling module xil_defaultlib.RAM256X1S_HD566
Compiling module xil_defaultlib.RAM256X1S_HD567
Compiling module xil_defaultlib.RAM256X1S_HD568
Compiling module xil_defaultlib.RAM256X1S_HD569
Compiling module xil_defaultlib.RAM256X1S_HD570
Compiling module xil_defaultlib.RAM256X1S_HD571
Compiling module xil_defaultlib.RAM256X1S_HD572
Compiling module xil_defaultlib.RAM32X1S_HD573
Compiling module xil_defaultlib.RAM32X1S_HD574
Compiling module xil_defaultlib.RAM32X1S_HD575
Compiling module xil_defaultlib.RAM32X1S_HD576
Compiling module xil_defaultlib.RAM32X1S_HD577
Compiling module xil_defaultlib.RAM32X1S_HD578
Compiling module xil_defaultlib.RAM32X1S_HD579
Compiling module xil_defaultlib.RAM32X1S_HD580
Compiling module xil_defaultlib.RAM32X1S_HD581
Compiling module xil_defaultlib.RAM32X1S_HD582
Compiling module xil_defaultlib.RAM32X1S_HD583
Compiling module xil_defaultlib.RAM32X1S_HD584
Compiling module xil_defaultlib.RAM32X1S_HD585
Compiling module xil_defaultlib.RAM32X1S_HD586
Compiling module xil_defaultlib.RAM32X1S_HD587
Compiling module xil_defaultlib.RAM32X1S_HD588
Compiling module xil_defaultlib.RAM32X1S_HD589
Compiling module xil_defaultlib.RAM32X1S_HD590
Compiling module xil_defaultlib.RAM32X1S_HD591
Compiling module xil_defaultlib.RAM32X1S_HD592
Compiling module xil_defaultlib.RAM32X1S_HD593
Compiling module xil_defaultlib.RAM32X1S_HD594
Compiling module xil_defaultlib.RAM32X1S_HD595
Compiling module xil_defaultlib.RAM32X1S_HD596
Compiling module xil_defaultlib.RAM32X1S_HD597
Compiling module xil_defaultlib.RAM32X1S_HD598
Compiling module xil_defaultlib.RAM32X1S_HD599
Compiling module xil_defaultlib.RAM32X1S_HD600
Compiling module xil_defaultlib.RAM32X1S_HD601
Compiling module xil_defaultlib.RAM32X1S_HD602
Compiling module xil_defaultlib.RAM32X1S_HD603
Compiling module xil_defaultlib.RAM32X1S_HD604
Compiling module simprims_ver.RAMS64E(IS_CLK_INVERTED=1'b1,RAM...
Compiling module xil_defaultlib.RAM64X1S_UNIQ_BASE_
Compiling module xil_defaultlib.RAM64X1S_HD605
Compiling module xil_defaultlib.RAM64X1S_HD606
Compiling module xil_defaultlib.RAM64X1S_HD607
Compiling module xil_defaultlib.RAM64X1S_HD608
Compiling module xil_defaultlib.RAM64X1S_HD609
Compiling module xil_defaultlib.RAM64X1S_HD610
Compiling module xil_defaultlib.RAM64X1S_HD611
Compiling module xil_defaultlib.RAM64X1S_HD612
Compiling module xil_defaultlib.RAM64X1S_HD613
Compiling module xil_defaultlib.RAM64X1S_HD614
Compiling module xil_defaultlib.RAM64X1S_HD615
Compiling module xil_defaultlib.RAM64X1S_HD616
Compiling module xil_defaultlib.RAM64X1S_HD617
Compiling module xil_defaultlib.RAM64X1S_HD618
Compiling module xil_defaultlib.RAM64X1S_HD619
Compiling module xil_defaultlib.RAM64X1S_HD620
Compiling module xil_defaultlib.RAM64X1S_HD621
Compiling module xil_defaultlib.RAM64X1S_HD622
Compiling module xil_defaultlib.RAM64X1S_HD623
Compiling module xil_defaultlib.RAM64X1S_HD624
Compiling module xil_defaultlib.RAM64X1S_HD625
Compiling module xil_defaultlib.RAM64X1S_HD626
Compiling module xil_defaultlib.RAM64X1S_HD627
Compiling module xil_defaultlib.RAM64X1S_HD628
Compiling module xil_defaultlib.RAM64X1S_HD629
Compiling module xil_defaultlib.RAM64X1S_HD630
Compiling module xil_defaultlib.RAM64X1S_HD631
Compiling module xil_defaultlib.RAM64X1S_HD632
Compiling module xil_defaultlib.RAM64X1S_HD633
Compiling module xil_defaultlib.RAM64X1S_HD634
Compiling module xil_defaultlib.RAM64X1S_HD635
Compiling module xil_defaultlib.DMEM
Compiling module simprims_ver.LUT4
Compiling module simprims_ver.GND
Compiling module simprims_ver.FDRE
Compiling module simprims_ver.RAMS64E(RAM_ADDRESS_SPACE=2'b11)
Compiling module simprims_ver.RAMS64E(RAM_ADDRESS_SPACE=2'b10)
Compiling module simprims_ver.RAMS64E(RAM_ADDRESS_SPACE=2'b01)
Compiling module simprims_ver.RAMS64E
Compiling module xil_defaultlib.RAM256X1S_HD636
Compiling module xil_defaultlib.RAM256X1S_HD637
Compiling module xil_defaultlib.RAM256X1S_HD638
Compiling module xil_defaultlib.RAM256X1S_HD639
Compiling module xil_defaultlib.RAM256X1S_HD640
Compiling module xil_defaultlib.RAM256X1S_HD641
Compiling module xil_defaultlib.RAM256X1S_HD642
Compiling module xil_defaultlib.RAM256X1S_HD643
Compiling module xil_defaultlib.RAM256X1S_HD644
Compiling module xil_defaultlib.RAM256X1S_HD645
Compiling module xil_defaultlib.RAM256X1S_HD646
Compiling module xil_defaultlib.RAM256X1S_HD647
Compiling module xil_defaultlib.RAM256X1S_HD648
Compiling module xil_defaultlib.RAM256X1S_HD649
Compiling module xil_defaultlib.RAM256X1S_HD650
Compiling module xil_defaultlib.RAM256X1S_HD651
Compiling module xil_defaultlib.RAM256X1S_HD652
Compiling module xil_defaultlib.RAM256X1S_HD653
Compiling module xil_defaultlib.RAM256X1S_HD654
Compiling module xil_defaultlib.RAM256X1S_HD655
Compiling module xil_defaultlib.RAM256X1S_HD656
Compiling module xil_defaultlib.RAM256X1S_HD657
Compiling module xil_defaultlib.RAM256X1S_HD658
Compiling module xil_defaultlib.RAM256X1S_HD659
Compiling module xil_defaultlib.RAM256X1S_HD660
Compiling module xil_defaultlib.RAM256X1S_HD661
Compiling module xil_defaultlib.RAM256X1S_HD662
Compiling module xil_defaultlib.RAM256X1S_HD663
Compiling module xil_defaultlib.RAM256X1S_HD664
Compiling module xil_defaultlib.RAM256X1S_HD665
Compiling module xil_defaultlib.RAM256X1S_HD666
Compiling module xil_defaultlib.RAM256X1S_HD667
Compiling module xil_defaultlib.RAM256X1S_HD668
Compiling module xil_defaultlib.RAM256X1S_HD669
Compiling module xil_defaultlib.RAM256X1S_HD670
Compiling module xil_defaultlib.RAM256X1S_HD671
Compiling module xil_defaultlib.RAM256X1S_HD672
Compiling module xil_defaultlib.RAM256X1S_HD673
Compiling module xil_defaultlib.RAM256X1S_HD674
Compiling module xil_defaultlib.RAM256X1S_HD675
Compiling module xil_defaultlib.RAM256X1S_HD676
Compiling module xil_defaultlib.RAM256X1S_HD677
Compiling module xil_defaultlib.RAM256X1S_HD678
Compiling module xil_defaultlib.RAM256X1S_HD679
Compiling module xil_defaultlib.RAM256X1S_HD680
Compiling module xil_defaultlib.RAM256X1S_HD681
Compiling module xil_defaultlib.RAM256X1S_HD682
Compiling module xil_defaultlib.RAM256X1S_HD683
Compiling module xil_defaultlib.RAM256X1S_HD684
Compiling module xil_defaultlib.RAM256X1S_HD685
Compiling module xil_defaultlib.RAM256X1S_HD686
Compiling module xil_defaultlib.RAM256X1S_HD687
Compiling module xil_defaultlib.RAM256X1S_HD688
Compiling module xil_defaultlib.RAM256X1S_HD689
Compiling module xil_defaultlib.RAM256X1S_HD690
Compiling module xil_defaultlib.RAM256X1S_HD691
Compiling module xil_defaultlib.RAM256X1S_HD692
Compiling module xil_defaultlib.RAM256X1S_HD693
Compiling module xil_defaultlib.RAM256X1S_HD694
Compiling module xil_defaultlib.RAM256X1S_HD695
Compiling module xil_defaultlib.RAM256X1S_HD696
Compiling module xil_defaultlib.RAM256X1S_HD697
Compiling module xil_defaultlib.RAM256X1S_HD698
Compiling module xil_defaultlib.RAM256X1S_HD699
Compiling module xil_defaultlib.RAM256X1S_HD700
Compiling module xil_defaultlib.RAM256X1S_HD701
Compiling module xil_defaultlib.RAM256X1S_HD702
Compiling module xil_defaultlib.RAM256X1S_HD703
Compiling module xil_defaultlib.RAM256X1S_HD704
Compiling module xil_defaultlib.RAM256X1S_HD705
Compiling module xil_defaultlib.RAM256X1S_HD706
Compiling module xil_defaultlib.RAM256X1S_HD707
Compiling module xil_defaultlib.RAM256X1S_HD708
Compiling module xil_defaultlib.RAM256X1S_HD709
Compiling module xil_defaultlib.RAM256X1S_HD710
Compiling module xil_defaultlib.RAM256X1S_HD711
Compiling module xil_defaultlib.RAM256X1S_HD712
Compiling module xil_defaultlib.RAM256X1S_HD713
Compiling module xil_defaultlib.RAM256X1S_HD714
Compiling module xil_defaultlib.RAM256X1S_HD715
Compiling module xil_defaultlib.RAM256X1S_HD716
Compiling module xil_defaultlib.RAM256X1S_HD717
Compiling module xil_defaultlib.RAM256X1S_HD718
Compiling module xil_defaultlib.RAM256X1S_HD719
Compiling module xil_defaultlib.RAM256X1S_HD720
Compiling module xil_defaultlib.RAM256X1S_HD721
Compiling module xil_defaultlib.RAM256X1S_HD722
Compiling module xil_defaultlib.RAM256X1S_HD723
Compiling module xil_defaultlib.RAM256X1S_HD724
Compiling module xil_defaultlib.RAM256X1S_HD725
Compiling module xil_defaultlib.RAM256X1S_HD726
Compiling module xil_defaultlib.RAM256X1S_HD727
Compiling module xil_defaultlib.RAM256X1S_HD728
Compiling module xil_defaultlib.RAM256X1S_HD729
Compiling module xil_defaultlib.RAM256X1S_HD730
Compiling module xil_defaultlib.RAM256X1S_HD731
Compiling module xil_defaultlib.RAM256X1S_HD732
Compiling module xil_defaultlib.RAM256X1S_HD733
Compiling module xil_defaultlib.RAM256X1S_HD734
Compiling module xil_defaultlib.RAM256X1S_HD735
Compiling module xil_defaultlib.RAM256X1S_HD736
Compiling module xil_defaultlib.RAM256X1S_HD737
Compiling module xil_defaultlib.RAM256X1S_HD738
Compiling module xil_defaultlib.RAM256X1S_HD739
Compiling module xil_defaultlib.RAM256X1S_HD740
Compiling module xil_defaultlib.RAM256X1S_HD741
Compiling module xil_defaultlib.RAM256X1S_HD742
Compiling module xil_defaultlib.RAM256X1S_HD743
Compiling module xil_defaultlib.RAM256X1S_HD744
Compiling module xil_defaultlib.RAM256X1S_HD745
Compiling module xil_defaultlib.RAM256X1S_HD746
Compiling module xil_defaultlib.RAM256X1S_HD747
Compiling module xil_defaultlib.RAM256X1S_HD748
Compiling module xil_defaultlib.RAM256X1S_HD749
Compiling module xil_defaultlib.RAM256X1S_HD750
Compiling module xil_defaultlib.RAM256X1S_HD751
Compiling module xil_defaultlib.RAM256X1S_HD752
Compiling module xil_defaultlib.RAM256X1S_HD753
Compiling module xil_defaultlib.RAM256X1S_HD754
Compiling module xil_defaultlib.RAM256X1S_HD755
Compiling module xil_defaultlib.RAM256X1S_HD756
Compiling module xil_defaultlib.RAM256X1S_HD757
Compiling module xil_defaultlib.RAM256X1S_HD758
Compiling module xil_defaultlib.RAM256X1S_HD759
Compiling module xil_defaultlib.RAM256X1S_HD760
Compiling module xil_defaultlib.RAM256X1S_HD761
Compiling module xil_defaultlib.RAM256X1S_HD762
Compiling module xil_defaultlib.RAM256X1S_HD763
Compiling module xil_defaultlib.RAM256X1S_HD764
Compiling module xil_defaultlib.RAM256X1S_HD765
Compiling module xil_defaultlib.RAM256X1S_HD766
Compiling module xil_defaultlib.RAM256X1S_HD767
Compiling module xil_defaultlib.RAM256X1S_HD768
Compiling module xil_defaultlib.RAM256X1S_HD769
Compiling module xil_defaultlib.RAM256X1S_HD770
Compiling module xil_defaultlib.RAM256X1S_HD771
Compiling module xil_defaultlib.RAM256X1S_HD772
Compiling module xil_defaultlib.RAM256X1S_HD773
Compiling module xil_defaultlib.RAM256X1S_HD774
Compiling module xil_defaultlib.RAM256X1S_HD775
Compiling module xil_defaultlib.RAM256X1S_HD776
Compiling module xil_defaultlib.RAM256X1S_HD777
Compiling module xil_defaultlib.RAM256X1S_HD778
Compiling module xil_defaultlib.RAM256X1S_HD779
Compiling module xil_defaultlib.RAM256X1S_HD780
Compiling module xil_defaultlib.RAM256X1S_HD781
Compiling module xil_defaultlib.RAM256X1S_HD782
Compiling module xil_defaultlib.RAM256X1S_HD783
Compiling module xil_defaultlib.RAM256X1S_HD784
Compiling module xil_defaultlib.RAM256X1S_HD785
Compiling module xil_defaultlib.RAM256X1S_HD786
Compiling module xil_defaultlib.RAM256X1S_HD787
Compiling module xil_defaultlib.RAM256X1S_HD788
Compiling module xil_defaultlib.RAM256X1S_HD789
Compiling module xil_defaultlib.RAM256X1S_HD790
Compiling module xil_defaultlib.RAM256X1S_HD791
Compiling module xil_defaultlib.RAM256X1S_HD792
Compiling module xil_defaultlib.RAM256X1S_HD793
Compiling module xil_defaultlib.RAM256X1S_HD794
Compiling module xil_defaultlib.RAM256X1S_HD795
Compiling module xil_defaultlib.RAM256X1S_HD796
Compiling module xil_defaultlib.RAM256X1S_HD797
Compiling module xil_defaultlib.RAM256X1S_HD798
Compiling module xil_defaultlib.RAM256X1S_HD799
Compiling module xil_defaultlib.RAM256X1S_HD800
Compiling module xil_defaultlib.RAM256X1S_HD801
Compiling module xil_defaultlib.RAM256X1S_HD802
Compiling module xil_defaultlib.RAM256X1S_HD803
Compiling module xil_defaultlib.RAM256X1S_HD804
Compiling module xil_defaultlib.RAM256X1S_HD805
Compiling module xil_defaultlib.RAM256X1S_HD806
Compiling module xil_defaultlib.RAM256X1S_HD807
Compiling module xil_defaultlib.RAM256X1S_HD808
Compiling module xil_defaultlib.RAM256X1S_HD809
Compiling module xil_defaultlib.RAM256X1S_HD810
Compiling module xil_defaultlib.RAM256X1S_HD811
Compiling module xil_defaultlib.RAM256X1S_HD812
Compiling module xil_defaultlib.RAM256X1S_HD813
Compiling module xil_defaultlib.RAM256X1S_HD814
Compiling module xil_defaultlib.RAM256X1S_HD815
Compiling module xil_defaultlib.RAM256X1S_HD816
Compiling module xil_defaultlib.RAM256X1S_HD817
Compiling module xil_defaultlib.RAM256X1S_HD818
Compiling module xil_defaultlib.RAM256X1S_HD819
Compiling module xil_defaultlib.RAM256X1S_HD820
Compiling module xil_defaultlib.RAM256X1S_HD821
Compiling module xil_defaultlib.RAM256X1S_HD822
Compiling module xil_defaultlib.RAM256X1S_HD823
Compiling module xil_defaultlib.RAM256X1S_HD824
Compiling module xil_defaultlib.RAM256X1S_HD825
Compiling module xil_defaultlib.RAM256X1S_HD826
Compiling module xil_defaultlib.RAM256X1S_HD827
Compiling module xil_defaultlib.RAM256X1S_HD828
Compiling module xil_defaultlib.RAM256X1S_HD829
Compiling module xil_defaultlib.RAM256X1S_HD830
Compiling module xil_defaultlib.RAM256X1S_HD831
Compiling module xil_defaultlib.RAM256X1S_HD832
Compiling module xil_defaultlib.RAM256X1S_HD833
Compiling module xil_defaultlib.RAM256X1S_HD834
Compiling module xil_defaultlib.RAM256X1S_HD835
Compiling module xil_defaultlib.RAM256X1S_HD836
Compiling module xil_defaultlib.RAM256X1S_HD837
Compiling module xil_defaultlib.RAM256X1S_HD838
Compiling module xil_defaultlib.RAM256X1S_HD839
Compiling module xil_defaultlib.RAM256X1S_HD840
Compiling module xil_defaultlib.RAM256X1S_HD841
Compiling module xil_defaultlib.RAM256X1S_HD842
Compiling module xil_defaultlib.RAM256X1S_HD843
Compiling module xil_defaultlib.RAM256X1S_HD844
Compiling module xil_defaultlib.RAM256X1S_HD845
Compiling module xil_defaultlib.RAM256X1S_HD846
Compiling module xil_defaultlib.RAM256X1S_HD847
Compiling module xil_defaultlib.RAM256X1S_HD848
Compiling module xil_defaultlib.RAM256X1S_HD849
Compiling module xil_defaultlib.RAM256X1S_HD850
Compiling module xil_defaultlib.RAM256X1S_HD851
Compiling module xil_defaultlib.RAM256X1S_HD852
Compiling module xil_defaultlib.RAM256X1S_HD853
Compiling module xil_defaultlib.RAM256X1S_HD854
Compiling module xil_defaultlib.RAM256X1S_HD855
Compiling module xil_defaultlib.RAM256X1S_HD856
Compiling module xil_defaultlib.RAM256X1S_HD857
Compiling module xil_defaultlib.RAM256X1S_HD858
Compiling module xil_defaultlib.RAM256X1S_HD859
Compiling module xil_defaultlib.RAM256X1S_HD860
Compiling module xil_defaultlib.RAM256X1S_HD861
Compiling module xil_defaultlib.RAM256X1S_HD862
Compiling module xil_defaultlib.RAM256X1S_HD863
Compiling module xil_defaultlib.RAM256X1S_HD864
Compiling module xil_defaultlib.RAM256X1S_HD865
Compiling module xil_defaultlib.RAM256X1S_HD866
Compiling module xil_defaultlib.RAM256X1S_HD867
Compiling module xil_defaultlib.RAM256X1S_HD868
Compiling module xil_defaultlib.RAM256X1S_HD869
Compiling module xil_defaultlib.RAM256X1S_HD870
Compiling module xil_defaultlib.RAM256X1S_HD871
Compiling module xil_defaultlib.RAM256X1S_HD872
Compiling module xil_defaultlib.RAM256X1S_HD873
Compiling module xil_defaultlib.RAM256X1S_HD874
Compiling module xil_defaultlib.RAM256X1S_HD875
Compiling module xil_defaultlib.RAM256X1S_HD876
Compiling module xil_defaultlib.RAM256X1S_HD877
Compiling module xil_defaultlib.RAM256X1S_HD878
Compiling module xil_defaultlib.RAM256X1S_HD879
Compiling module xil_defaultlib.RAM256X1S_HD880
Compiling module xil_defaultlib.RAM256X1S_HD881
Compiling module xil_defaultlib.RAM256X1S_HD882
Compiling module xil_defaultlib.RAM256X1S_HD883
Compiling module xil_defaultlib.RAM256X1S_HD884
Compiling module xil_defaultlib.RAM256X1S_HD885
Compiling module xil_defaultlib.RAM256X1S_HD886
Compiling module xil_defaultlib.RAM256X1S_HD887
Compiling module xil_defaultlib.RAM256X1S_HD888
Compiling module xil_defaultlib.RAM256X1S_HD889
Compiling module xil_defaultlib.RAM256X1S_HD890
Compiling module xil_defaultlib.RAM256X1S_HD891
Compiling module xil_defaultlib.dist_mem_gen_0_spram
Compiling module xil_defaultlib.dist_mem_gen_0_dist_mem_gen_v8_0...
Compiling module xil_defaultlib.dist_mem_gen_0_dist_mem_gen_v8_0...
Compiling module xil_defaultlib.dist_mem_gen_0
Compiling module simprims_ver.CARRY4
Compiling module xil_defaultlib.IMEM
Compiling module xil_defaultlib.MEM
Compiling module simprims_ver.latchsre_ldpe
Compiling module simprims_ver.LDPE(IS_G_INVERTED=1'b1)
Compiling module simprims_ver.VCC
Compiling module xil_defaultlib.LDCP_UNIQ_BASE_
Compiling module xil_defaultlib.LDCP_HD892
Compiling module xil_defaultlib.LDCP_HD893
Compiling module xil_defaultlib.LDCP_HD894
Compiling module xil_defaultlib.controller
Compiling module simprims_ver.ffsrce_fdce
Compiling module simprims_ver.FDCE
Compiling module simprims_ver.ffsrce_fdpe
Compiling module simprims_ver.FDPE
Compiling module xil_defaultlib.cp0
Compiling module xil_defaultlib.Regfile
Compiling module xil_defaultlib.div
Compiling module xil_defaultlib.Hi
Compiling module xil_defaultlib.Lo
Compiling module simprims_ver.DSP48E1(ACASCREG=0,ALUMODEREG=0,...
Compiling module xil_defaultlib.mult
Compiling module simprims_ver.sffsrce_fdse
Compiling module simprims_ver.FDSE
Compiling module xil_defaultlib.PC
Compiling module xil_defaultlib.cpu
Compiling module xil_defaultlib.sccomp_dataflow
Compiling module xil_defaultlib.tb
Compiling module xil_defaultlib.glbl
Built simulation snapshot tb_time_synth
