INFO: [VRFC 10-2263] Analyzing Verilog file "D:/Desktop/SCCPU54/project_1/project_1.sim/sim_1/synth/timing/tb_time_synth.v" into library xil_defaultlib
INFO: [VRFC 10-311] analyzing module LDCP_UNIQ_BASE_
INFO: [VRFC 10-311] analyzing module LDCP_HD892
INFO: [VRFC 10-311] analyzing module LDCP_HD893
INFO: [VRFC 10-311] analyzing module LDCP_HD894
INFO: [VRFC 10-311] analyzing module RAM128X1S_UNIQ_BASE_
INFO: [VRFC 10-311] analyzing module RAM128X1S_HD448
INFO: [VRFC 10-311] analyzing module RAM128X1S_HD449
INFO: [VRFC 10-311] analyzing module RAM128X1S_HD450
INFO: [VRFC 10-311] analyzing module RAM128X1S_HD451
INFO: [VRFC 10-311] analyzing module RAM128X1S_HD452
INFO: [VRFC 10-311] analyzing module RAM128X1S_HD453
INFO: [VRFC 10-311] analyzing module RAM128X1S_HD454
INFO: [VRFC 10-311] analyzing module RAM128X1S_HD455
INFO: [VRFC 10-311] analyzing module RAM128X1S_HD456
INFO: [VRFC 10-311] analyzing module RAM128X1S_HD457
INFO: [VRFC 10-311] analyzing module RAM128X1S_HD458
INFO: [VRFC 10-311] analyzing module RAM128X1S_HD459
INFO: [VRFC 10-311] analyzing module RAM128X1S_HD460
INFO: [VRFC 10-311] analyzing module RAM128X1S_HD461
INFO: [VRFC 10-311] analyzing module RAM128X1S_HD462
INFO: [VRFC 10-311] analyzing module RAM128X1S_HD463
INFO: [VRFC 10-311] analyzing module RAM128X1S_HD464
INFO: [VRFC 10-311] analyzing module RAM128X1S_HD465
INFO: [VRFC 10-311] analyzing module RAM128X1S_HD466
INFO: [VRFC 10-311] analyzing module RAM128X1S_HD467
INFO: [VRFC 10-311] analyzing module RAM128X1S_HD468
INFO: [VRFC 10-311] analyzing module RAM128X1S_HD469
INFO: [VRFC 10-311] analyzing module RAM128X1S_HD470
INFO: [VRFC 10-311] analyzing module RAM128X1S_HD471
INFO: [VRFC 10-311] analyzing module RAM128X1S_HD472
INFO: [VRFC 10-311] analyzing module RAM128X1S_HD473
INFO: [VRFC 10-311] analyzing module RAM128X1S_HD474
INFO: [VRFC 10-311] analyzing module RAM128X1S_HD475
INFO: [VRFC 10-311] analyzing module RAM128X1S_HD476
INFO: [VRFC 10-311] analyzing module RAM128X1S_HD477
INFO: [VRFC 10-311] analyzing module RAM128X1S_HD478
INFO: [VRFC 10-311] analyzing module RAM256X1S_UNIQ_BASE_
INFO: [VRFC 10-311] analyzing module RAM256X1S_HD542
INFO: [VRFC 10-311] analyzing module RAM256X1S_HD543
INFO: [VRFC 10-311] analyzing module RAM256X1S_HD544
INFO: [VRFC 10-311] analyzing module RAM256X1S_HD545
INFO: [VRFC 10-311] analyzing module RAM256X1S_HD546
INFO: [VRFC 10-311] analyzing module RAM256X1S_HD547
INFO: [VRFC 10-311] analyzing module RAM256X1S_HD548
INFO: [VRFC 10-311] analyzing module RAM256X1S_HD549
INFO: [VRFC 10-311] analyzing module RAM256X1S_HD550
INFO: [VRFC 10-311] analyzing module RAM256X1S_HD551
INFO: [VRFC 10-311] analyzing module RAM256X1S_HD552
INFO: [VRFC 10-311] analyzing module RAM256X1S_HD553
INFO: [VRFC 10-311] analyzing module RAM256X1S_HD554
INFO: [VRFC 10-311] analyzing module RAM256X1S_HD555
INFO: [VRFC 10-311] analyzing module RAM256X1S_HD556
INFO: [VRFC 10-311] analyzing module RAM256X1S_HD557
INFO: [VRFC 10-311] analyzing module RAM256X1S_HD558
INFO: [VRFC 10-311] analyzing module RAM256X1S_HD559
INFO: [VRFC 10-311] analyzing module RAM256X1S_HD560
INFO: [VRFC 10-311] analyzing module RAM256X1S_HD561
INFO: [VRFC 10-311] analyzing module RAM256X1S_HD562
INFO: [VRFC 10-311] analyzing module RAM256X1S_HD563
INFO: [VRFC 10-311] analyzing module RAM256X1S_HD564
INFO: [VRFC 10-311] analyzing module RAM256X1S_HD565
INFO: [VRFC 10-311] analyzing module RAM256X1S_HD566
INFO: [VRFC 10-311] analyzing module RAM256X1S_HD567
INFO: [VRFC 10-311] analyzing module RAM256X1S_HD568
INFO: [VRFC 10-311] analyzing module RAM256X1S_HD569
INFO: [VRFC 10-311] analyzing module RAM256X1S_HD570
INFO: [VRFC 10-311] analyzing module RAM256X1S_HD571
INFO: [VRFC 10-311] analyzing module RAM256X1S_HD572
INFO: [VRFC 10-311] analyzing module RAM256X1S_HD636
INFO: [VRFC 10-311] analyzing module RAM256X1S_HD637
INFO: [VRFC 10-311] analyzing module RAM256X1S_HD638
INFO: [VRFC 10-311] analyzing module RAM256X1S_HD639
INFO: [VRFC 10-311] analyzing module RAM256X1S_HD640
INFO: [VRFC 10-311] analyzing module RAM256X1S_HD641
INFO: [VRFC 10-311] analyzing module RAM256X1S_HD642
INFO: [VRFC 10-311] analyzing module RAM256X1S_HD643
INFO: [VRFC 10-311] analyzing module RAM256X1S_HD644
INFO: [VRFC 10-311] analyzing module RAM256X1S_HD645
INFO: [VRFC 10-311] analyzing module RAM256X1S_HD646
INFO: [VRFC 10-311] analyzing module RAM256X1S_HD647
INFO: [VRFC 10-311] analyzing module RAM256X1S_HD648
INFO: [VRFC 10-311] analyzing module RAM256X1S_HD649
INFO: [VRFC 10-311] analyzing module RAM256X1S_HD650
INFO: [VRFC 10-311] analyzing module RAM256X1S_HD651
INFO: [VRFC 10-311] analyzing module RAM256X1S_HD652
INFO: [VRFC 10-311] analyzing module RAM256X1S_HD653
INFO: [VRFC 10-311] analyzing module RAM256X1S_HD654
INFO: [VRFC 10-311] analyzing module RAM256X1S_HD655
INFO: [VRFC 10-311] analyzing module RAM256X1S_HD656
INFO: [VRFC 10-311] analyzing module RAM256X1S_HD657
INFO: [VRFC 10-311] analyzing module RAM256X1S_HD658
INFO: [VRFC 10-311] analyzing module RAM256X1S_HD659
INFO: [VRFC 10-311] analyzing module RAM256X1S_HD660
INFO: [VRFC 10-311] analyzing module RAM256X1S_HD661
INFO: [VRFC 10-311] analyzing module RAM256X1S_HD662
INFO: [VRFC 10-311] analyzing module RAM256X1S_HD663
INFO: [VRFC 10-311] analyzing module RAM256X1S_HD664
INFO: [VRFC 10-311] analyzing module RAM256X1S_HD665
INFO: [VRFC 10-311] analyzing module RAM256X1S_HD666
INFO: [VRFC 10-311] analyzing module RAM256X1S_HD667
INFO: [VRFC 10-311] analyzing module RAM256X1S_HD668
INFO: [VRFC 10-311] analyzing module RAM256X1S_HD669
INFO: [VRFC 10-311] analyzing module RAM256X1S_HD670
INFO: [VRFC 10-311] analyzing module RAM256X1S_HD671
INFO: [VRFC 10-311] analyzing module RAM256X1S_HD672
INFO: [VRFC 10-311] analyzing module RAM256X1S_HD673
INFO: [VRFC 10-311] analyzing module RAM256X1S_HD674
INFO: [VRFC 10-311] analyzing module RAM256X1S_HD675
INFO: [VRFC 10-311] analyzing module RAM256X1S_HD676
INFO: [VRFC 10-311] analyzing module RAM256X1S_HD677
INFO: [VRFC 10-311] analyzing module RAM256X1S_HD678
INFO: [VRFC 10-311] analyzing module RAM256X1S_HD679
INFO: [VRFC 10-311] analyzing module RAM256X1S_HD680
INFO: [VRFC 10-311] analyzing module RAM256X1S_HD681
INFO: [VRFC 10-311] analyzing module RAM256X1S_HD682
INFO: [VRFC 10-311] analyzing module RAM256X1S_HD683
INFO: [VRFC 10-311] analyzing module RAM256X1S_HD684
INFO: [VRFC 10-311] analyzing module RAM256X1S_HD685
INFO: [VRFC 10-311] analyzing module RAM256X1S_HD686
INFO: [VRFC 10-311] analyzing module RAM256X1S_HD687
INFO: [VRFC 10-311] analyzing module RAM256X1S_HD688
INFO: [VRFC 10-311] analyzing module RAM256X1S_HD689
INFO: [VRFC 10-311] analyzing module RAM256X1S_HD690
INFO: [VRFC 10-311] analyzing module RAM256X1S_HD691
INFO: [VRFC 10-311] analyzing module RAM256X1S_HD692
INFO: [VRFC 10-311] analyzing module RAM256X1S_HD693
INFO: [VRFC 10-311] analyzing module RAM256X1S_HD694
INFO: [VRFC 10-311] analyzing module RAM256X1S_HD695
INFO: [VRFC 10-311] analyzing module RAM256X1S_HD696
INFO: [VRFC 10-311] analyzing module RAM256X1S_HD697
INFO: [VRFC 10-311] analyzing module RAM256X1S_HD698
INFO: [VRFC 10-311] analyzing module RAM256X1S_HD699
INFO: [VRFC 10-311] analyzing module RAM256X1S_HD700
INFO: [VRFC 10-311] analyzing module RAM256X1S_HD701
INFO: [VRFC 10-311] analyzing module RAM256X1S_HD702
INFO: [VRFC 10-311] analyzing module RAM256X1S_HD703
INFO: [VRFC 10-311] analyzing module RAM256X1S_HD704
INFO: [VRFC 10-311] analyzing module RAM256X1S_HD705
INFO: [VRFC 10-311] analyzing module RAM256X1S_HD706
INFO: [VRFC 10-311] analyzing module RAM256X1S_HD707
INFO: [VRFC 10-311] analyzing module RAM256X1S_HD708
INFO: [VRFC 10-311] analyzing module RAM256X1S_HD709
INFO: [VRFC 10-311] analyzing module RAM256X1S_HD710
INFO: [VRFC 10-311] analyzing module RAM256X1S_HD711
INFO: [VRFC 10-311] analyzing module RAM256X1S_HD712
INFO: [VRFC 10-311] analyzing module RAM256X1S_HD713
INFO: [VRFC 10-311] analyzing module RAM256X1S_HD714
INFO: [VRFC 10-311] analyzing module RAM256X1S_HD715
INFO: [VRFC 10-311] analyzing module RAM256X1S_HD716
INFO: [VRFC 10-311] analyzing module RAM256X1S_HD717
INFO: [VRFC 10-311] analyzing module RAM256X1S_HD718
INFO: [VRFC 10-311] analyzing module RAM256X1S_HD719
INFO: [VRFC 10-311] analyzing module RAM256X1S_HD720
INFO: [VRFC 10-311] analyzing module RAM256X1S_HD721
INFO: [VRFC 10-311] analyzing module RAM256X1S_HD722
INFO: [VRFC 10-311] analyzing module RAM256X1S_HD723
INFO: [VRFC 10-311] analyzing module RAM256X1S_HD724
INFO: [VRFC 10-311] analyzing module RAM256X1S_HD725
INFO: [VRFC 10-311] analyzing module RAM256X1S_HD726
INFO: [VRFC 10-311] analyzing module RAM256X1S_HD727
INFO: [VRFC 10-311] analyzing module RAM256X1S_HD728
INFO: [VRFC 10-311] analyzing module RAM256X1S_HD729
INFO: [VRFC 10-311] analyzing module RAM256X1S_HD730
INFO: [VRFC 10-311] analyzing module RAM256X1S_HD731
INFO: [VRFC 10-311] analyzing module RAM256X1S_HD732
INFO: [VRFC 10-311] analyzing module RAM256X1S_HD733
INFO: [VRFC 10-311] analyzing module RAM256X1S_HD734
INFO: [VRFC 10-311] analyzing module RAM256X1S_HD735
INFO: [VRFC 10-311] analyzing module RAM256X1S_HD736
INFO: [VRFC 10-311] analyzing module RAM256X1S_HD737
INFO: [VRFC 10-311] analyzing module RAM256X1S_HD738
INFO: [VRFC 10-311] analyzing module RAM256X1S_HD739
INFO: [VRFC 10-311] analyzing module RAM256X1S_HD740
INFO: [VRFC 10-311] analyzing module RAM256X1S_HD741
INFO: [VRFC 10-311] analyzing module RAM256X1S_HD742
INFO: [VRFC 10-311] analyzing module RAM256X1S_HD743
INFO: [VRFC 10-311] analyzing module RAM256X1S_HD744
INFO: [VRFC 10-311] analyzing module RAM256X1S_HD745
INFO: [VRFC 10-311] analyzing module RAM256X1S_HD746
INFO: [VRFC 10-311] analyzing module RAM256X1S_HD747
INFO: [VRFC 10-311] analyzing module RAM256X1S_HD748
INFO: [VRFC 10-311] analyzing module RAM256X1S_HD749
INFO: [VRFC 10-311] analyzing module RAM256X1S_HD750
INFO: [VRFC 10-311] analyzing module RAM256X1S_HD751
INFO: [VRFC 10-311] analyzing module RAM256X1S_HD752
INFO: [VRFC 10-311] analyzing module RAM256X1S_HD753
INFO: [VRFC 10-311] analyzing module RAM256X1S_HD754
INFO: [VRFC 10-311] analyzing module RAM256X1S_HD755
INFO: [VRFC 10-311] analyzing module RAM256X1S_HD756
INFO: [VRFC 10-311] analyzing module RAM256X1S_HD757
INFO: [VRFC 10-311] analyzing module RAM256X1S_HD758
INFO: [VRFC 10-311] analyzing module RAM256X1S_HD759
INFO: [VRFC 10-311] analyzing module RAM256X1S_HD760
INFO: [VRFC 10-311] analyzing module RAM256X1S_HD761
INFO: [VRFC 10-311] analyzing module RAM256X1S_HD762
INFO: [VRFC 10-311] analyzing module RAM256X1S_HD763
INFO: [VRFC 10-311] analyzing module RAM256X1S_HD764
INFO: [VRFC 10-311] analyzing module RAM256X1S_HD765
INFO: [VRFC 10-311] analyzing module RAM256X1S_HD766
INFO: [VRFC 10-311] analyzing module RAM256X1S_HD767
INFO: [VRFC 10-311] analyzing module RAM256X1S_HD768
INFO: [VRFC 10-311] analyzing module RAM256X1S_HD769
INFO: [VRFC 10-311] analyzing module RAM256X1S_HD770
INFO: [VRFC 10-311] analyzing module RAM256X1S_HD771
INFO: [VRFC 10-311] analyzing module RAM256X1S_HD772
INFO: [VRFC 10-311] analyzing module RAM256X1S_HD773
INFO: [VRFC 10-311] analyzing module RAM256X1S_HD774
INFO: [VRFC 10-311] analyzing module RAM256X1S_HD775
INFO: [VRFC 10-311] analyzing module RAM256X1S_HD776
INFO: [VRFC 10-311] analyzing module RAM256X1S_HD777
INFO: [VRFC 10-311] analyzing module RAM256X1S_HD778
INFO: [VRFC 10-311] analyzing module RAM256X1S_HD779
INFO: [VRFC 10-311] analyzing module RAM256X1S_HD780
INFO: [VRFC 10-311] analyzing module RAM256X1S_HD781
INFO: [VRFC 10-311] analyzing module RAM256X1S_HD782
INFO: [VRFC 10-311] analyzing module RAM256X1S_HD783
INFO: [VRFC 10-311] analyzing module RAM256X1S_HD784
INFO: [VRFC 10-311] analyzing module RAM256X1S_HD785
INFO: [VRFC 10-311] analyzing module RAM256X1S_HD786
INFO: [VRFC 10-311] analyzing module RAM256X1S_HD787
INFO: [VRFC 10-311] analyzing module RAM256X1S_HD788
INFO: [VRFC 10-311] analyzing module RAM256X1S_HD789
INFO: [VRFC 10-311] analyzing module RAM256X1S_HD790
INFO: [VRFC 10-311] analyzing module RAM256X1S_HD791
INFO: [VRFC 10-311] analyzing module RAM256X1S_HD792
INFO: [VRFC 10-311] analyzing module RAM256X1S_HD793
INFO: [VRFC 10-311] analyzing module RAM256X1S_HD794
INFO: [VRFC 10-311] analyzing module RAM256X1S_HD795
INFO: [VRFC 10-311] analyzing module RAM256X1S_HD796
INFO: [VRFC 10-311] analyzing module RAM256X1S_HD797
INFO: [VRFC 10-311] analyzing module RAM256X1S_HD798
INFO: [VRFC 10-311] analyzing module RAM256X1S_HD799
INFO: [VRFC 10-311] analyzing module RAM256X1S_HD800
INFO: [VRFC 10-311] analyzing module RAM256X1S_HD801
INFO: [VRFC 10-311] analyzing module RAM256X1S_HD802
INFO: [VRFC 10-311] analyzing module RAM256X1S_HD803
INFO: [VRFC 10-311] analyzing module RAM256X1S_HD804
INFO: [VRFC 10-311] analyzing module RAM256X1S_HD805
INFO: [VRFC 10-311] analyzing module RAM256X1S_HD806
INFO: [VRFC 10-311] analyzing module RAM256X1S_HD807
INFO: [VRFC 10-311] analyzing module RAM256X1S_HD808
INFO: [VRFC 10-311] analyzing module RAM256X1S_HD809
INFO: [VRFC 10-311] analyzing module RAM256X1S_HD810
INFO: [VRFC 10-311] analyzing module RAM256X1S_HD811
INFO: [VRFC 10-311] analyzing module RAM256X1S_HD812
INFO: [VRFC 10-311] analyzing module RAM256X1S_HD813
INFO: [VRFC 10-311] analyzing module RAM256X1S_HD814
INFO: [VRFC 10-311] analyzing module RAM256X1S_HD815
INFO: [VRFC 10-311] analyzing module RAM256X1S_HD816
INFO: [VRFC 10-311] analyzing module RAM256X1S_HD817
INFO: [VRFC 10-311] analyzing module RAM256X1S_HD818
INFO: [VRFC 10-311] analyzing module RAM256X1S_HD819
INFO: [VRFC 10-311] analyzing module RAM256X1S_HD820
INFO: [VRFC 10-311] analyzing module RAM256X1S_HD821
INFO: [VRFC 10-311] analyzing module RAM256X1S_HD822
INFO: [VRFC 10-311] analyzing module RAM256X1S_HD823
INFO: [VRFC 10-311] analyzing module RAM256X1S_HD824
INFO: [VRFC 10-311] analyzing module RAM256X1S_HD825
INFO: [VRFC 10-311] analyzing module RAM256X1S_HD826
INFO: [VRFC 10-311] analyzing module RAM256X1S_HD827
INFO: [VRFC 10-311] analyzing module RAM256X1S_HD828
INFO: [VRFC 10-311] analyzing module RAM256X1S_HD829
INFO: [VRFC 10-311] analyzing module RAM256X1S_HD830
INFO: [VRFC 10-311] analyzing module RAM256X1S_HD831
INFO: [VRFC 10-311] analyzing module RAM256X1S_HD832
INFO: [VRFC 10-311] analyzing module RAM256X1S_HD833
INFO: [VRFC 10-311] analyzing module RAM256X1S_HD834
INFO: [VRFC 10-311] analyzing module RAM256X1S_HD835
INFO: [VRFC 10-311] analyzing module RAM256X1S_HD836
INFO: [VRFC 10-311] analyzing module RAM256X1S_HD837
INFO: [VRFC 10-311] analyzing module RAM256X1S_HD838
INFO: [VRFC 10-311] analyzing module RAM256X1S_HD839
INFO: [VRFC 10-311] analyzing module RAM256X1S_HD840
INFO: [VRFC 10-311] analyzing module RAM256X1S_HD841
INFO: [VRFC 10-311] analyzing module RAM256X1S_HD842
INFO: [VRFC 10-311] analyzing module RAM256X1S_HD843
INFO: [VRFC 10-311] analyzing module RAM256X1S_HD844
INFO: [VRFC 10-311] analyzing module RAM256X1S_HD845
INFO: [VRFC 10-311] analyzing module RAM256X1S_HD846
INFO: [VRFC 10-311] analyzing module RAM256X1S_HD847
INFO: [VRFC 10-311] analyzing module RAM256X1S_HD848
INFO: [VRFC 10-311] analyzing module RAM256X1S_HD849
INFO: [VRFC 10-311] analyzing module RAM256X1S_HD850
INFO: [VRFC 10-311] analyzing module RAM256X1S_HD851
INFO: [VRFC 10-311] analyzing module RAM256X1S_HD852
INFO: [VRFC 10-311] analyzing module RAM256X1S_HD853
INFO: [VRFC 10-311] analyzing module RAM256X1S_HD854
INFO: [VRFC 10-311] analyzing module RAM256X1S_HD855
INFO: [VRFC 10-311] analyzing module RAM256X1S_HD856
INFO: [VRFC 10-311] analyzing module RAM256X1S_HD857
INFO: [VRFC 10-311] analyzing module RAM256X1S_HD858
INFO: [VRFC 10-311] analyzing module RAM256X1S_HD859
INFO: [VRFC 10-311] analyzing module RAM256X1S_HD860
INFO: [VRFC 10-311] analyzing module RAM256X1S_HD861
INFO: [VRFC 10-311] analyzing module RAM256X1S_HD862
INFO: [VRFC 10-311] analyzing module RAM256X1S_HD863
INFO: [VRFC 10-311] analyzing module RAM256X1S_HD864
INFO: [VRFC 10-311] analyzing module RAM256X1S_HD865
INFO: [VRFC 10-311] analyzing module RAM256X1S_HD866
INFO: [VRFC 10-311] analyzing module RAM256X1S_HD867
INFO: [VRFC 10-311] analyzing module RAM256X1S_HD868
INFO: [VRFC 10-311] analyzing module RAM256X1S_HD869
INFO: [VRFC 10-311] analyzing module RAM256X1S_HD870
INFO: [VRFC 10-311] analyzing module RAM256X1S_HD871
INFO: [VRFC 10-311] analyzing module RAM256X1S_HD872
INFO: [VRFC 10-311] analyzing module RAM256X1S_HD873
INFO: [VRFC 10-311] analyzing module RAM256X1S_HD874
INFO: [VRFC 10-311] analyzing module RAM256X1S_HD875
INFO: [VRFC 10-311] analyzing module RAM256X1S_HD876
INFO: [VRFC 10-311] analyzing module RAM256X1S_HD877
INFO: [VRFC 10-311] analyzing module RAM256X1S_HD878
INFO: [VRFC 10-311] analyzing module RAM256X1S_HD879
INFO: [VRFC 10-311] analyzing module RAM256X1S_HD880
INFO: [VRFC 10-311] analyzing module RAM256X1S_HD881
INFO: [VRFC 10-311] analyzing module RAM256X1S_HD882
INFO: [VRFC 10-311] analyzing module RAM256X1S_HD883
INFO: [VRFC 10-311] analyzing module RAM256X1S_HD884
INFO: [VRFC 10-311] analyzing module RAM256X1S_HD885
INFO: [VRFC 10-311] analyzing module RAM256X1S_HD886
INFO: [VRFC 10-311] analyzing module RAM256X1S_HD887
INFO: [VRFC 10-311] analyzing module RAM256X1S_HD888
INFO: [VRFC 10-311] analyzing module RAM256X1S_HD889
INFO: [VRFC 10-311] analyzing module RAM256X1S_HD890
INFO: [VRFC 10-311] analyzing module RAM256X1S_HD891
INFO: [VRFC 10-311] analyzing module RAM32X1S_UNIQ_BASE_
INFO: [VRFC 10-311] analyzing module RAM32X1S_HD479
INFO: [VRFC 10-311] analyzing module RAM32X1S_HD480
INFO: [VRFC 10-311] analyzing module RAM32X1S_HD481
INFO: [VRFC 10-311] analyzing module RAM32X1S_HD482
INFO: [VRFC 10-311] analyzing module RAM32X1S_HD483
INFO: [VRFC 10-311] analyzing module RAM32X1S_HD484
INFO: [VRFC 10-311] analyzing module RAM32X1S_HD485
INFO: [VRFC 10-311] analyzing module RAM32X1S_HD486
INFO: [VRFC 10-311] analyzing module RAM32X1S_HD487
INFO: [VRFC 10-311] analyzing module RAM32X1S_HD488
INFO: [VRFC 10-311] analyzing module RAM32X1S_HD489
INFO: [VRFC 10-311] analyzing module RAM32X1S_HD490
INFO: [VRFC 10-311] analyzing module RAM32X1S_HD491
INFO: [VRFC 10-311] analyzing module RAM32X1S_HD492
INFO: [VRFC 10-311] analyzing module RAM32X1S_HD493
INFO: [VRFC 10-311] analyzing module RAM32X1S_HD494
INFO: [VRFC 10-311] analyzing module RAM32X1S_HD495
INFO: [VRFC 10-311] analyzing module RAM32X1S_HD496
INFO: [VRFC 10-311] analyzing module RAM32X1S_HD497
INFO: [VRFC 10-311] analyzing module RAM32X1S_HD498
INFO: [VRFC 10-311] analyzing module RAM32X1S_HD499
INFO: [VRFC 10-311] analyzing module RAM32X1S_HD500
INFO: [VRFC 10-311] analyzing module RAM32X1S_HD501
INFO: [VRFC 10-311] analyzing module RAM32X1S_HD502
INFO: [VRFC 10-311] analyzing module RAM32X1S_HD503
INFO: [VRFC 10-311] analyzing module RAM32X1S_HD504
INFO: [VRFC 10-311] analyzing module RAM32X1S_HD505
INFO: [VRFC 10-311] analyzing module RAM32X1S_HD506
INFO: [VRFC 10-311] analyzing module RAM32X1S_HD507
INFO: [VRFC 10-311] analyzing module RAM32X1S_HD508
INFO: [VRFC 10-311] analyzing module RAM32X1S_HD509
INFO: [VRFC 10-311] analyzing module RAM32X1S_HD510
INFO: [VRFC 10-311] analyzing module RAM32X1S_HD511
INFO: [VRFC 10-311] analyzing module RAM32X1S_HD512
INFO: [VRFC 10-311] analyzing module RAM32X1S_HD513
INFO: [VRFC 10-311] analyzing module RAM32X1S_HD514
INFO: [VRFC 10-311] analyzing module RAM32X1S_HD515
INFO: [VRFC 10-311] analyzing module RAM32X1S_HD516
INFO: [VRFC 10-311] analyzing module RAM32X1S_HD517
INFO: [VRFC 10-311] analyzing module RAM32X1S_HD518
INFO: [VRFC 10-311] analyzing module RAM32X1S_HD519
INFO: [VRFC 10-311] analyzing module RAM32X1S_HD520
INFO: [VRFC 10-311] analyzing module RAM32X1S_HD521
INFO: [VRFC 10-311] analyzing module RAM32X1S_HD522
INFO: [VRFC 10-311] analyzing module RAM32X1S_HD523
INFO: [VRFC 10-311] analyzing module RAM32X1S_HD524
INFO: [VRFC 10-311] analyzing module RAM32X1S_HD525
INFO: [VRFC 10-311] analyzing module RAM32X1S_HD526
INFO: [VRFC 10-311] analyzing module RAM32X1S_HD527
INFO: [VRFC 10-311] analyzing module RAM32X1S_HD528
INFO: [VRFC 10-311] analyzing module RAM32X1S_HD529
INFO: [VRFC 10-311] analyzing module RAM32X1S_HD530
INFO: [VRFC 10-311] analyzing module RAM32X1S_HD531
INFO: [VRFC 10-311] analyzing module RAM32X1S_HD532
INFO: [VRFC 10-311] analyzing module RAM32X1S_HD533
INFO: [VRFC 10-311] analyzing module RAM32X1S_HD534
INFO: [VRFC 10-311] analyzing module RAM32X1S_HD535
INFO: [VRFC 10-311] analyzing module RAM32X1S_HD536
INFO: [VRFC 10-311] analyzing module RAM32X1S_HD537
INFO: [VRFC 10-311] analyzing module RAM32X1S_HD538
INFO: [VRFC 10-311] analyzing module RAM32X1S_HD539
INFO: [VRFC 10-311] analyzing module RAM32X1S_HD540
INFO: [VRFC 10-311] analyzing module RAM32X1S_HD541
INFO: [VRFC 10-311] analyzing module RAM32X1S_HD573
INFO: [VRFC 10-311] analyzing module RAM32X1S_HD574
INFO: [VRFC 10-311] analyzing module RAM32X1S_HD575
INFO: [VRFC 10-311] analyzing module RAM32X1S_HD576
INFO: [VRFC 10-311] analyzing module RAM32X1S_HD577
INFO: [VRFC 10-311] analyzing module RAM32X1S_HD578
INFO: [VRFC 10-311] analyzing module RAM32X1S_HD579
INFO: [VRFC 10-311] analyzing module RAM32X1S_HD580
INFO: [VRFC 10-311] analyzing module RAM32X1S_HD581
INFO: [VRFC 10-311] analyzing module RAM32X1S_HD582
INFO: [VRFC 10-311] analyzing module RAM32X1S_HD583
INFO: [VRFC 10-311] analyzing module RAM32X1S_HD584
INFO: [VRFC 10-311] analyzing module RAM32X1S_HD585
INFO: [VRFC 10-311] analyzing module RAM32X1S_HD586
INFO: [VRFC 10-311] analyzing module RAM32X1S_HD587
INFO: [VRFC 10-311] analyzing module RAM32X1S_HD588
INFO: [VRFC 10-311] analyzing module RAM32X1S_HD589
INFO: [VRFC 10-311] analyzing module RAM32X1S_HD590
INFO: [VRFC 10-311] analyzing module RAM32X1S_HD591
INFO: [VRFC 10-311] analyzing module RAM32X1S_HD592
INFO: [VRFC 10-311] analyzing module RAM32X1S_HD593
INFO: [VRFC 10-311] analyzing module RAM32X1S_HD594
INFO: [VRFC 10-311] analyzing module RAM32X1S_HD595
INFO: [VRFC 10-311] analyzing module RAM32X1S_HD596
INFO: [VRFC 10-311] analyzing module RAM32X1S_HD597
INFO: [VRFC 10-311] analyzing module RAM32X1S_HD598
INFO: [VRFC 10-311] analyzing module RAM32X1S_HD599
INFO: [VRFC 10-311] analyzing module RAM32X1S_HD600
INFO: [VRFC 10-311] analyzing module RAM32X1S_HD601
INFO: [VRFC 10-311] analyzing module RAM32X1S_HD602
INFO: [VRFC 10-311] analyzing module RAM32X1S_HD603
INFO: [VRFC 10-311] analyzing module RAM32X1S_HD604
INFO: [VRFC 10-311] analyzing module RAM64X1S_UNIQ_BASE_
INFO: [VRFC 10-311] analyzing module RAM64X1S_HD605
INFO: [VRFC 10-311] analyzing module RAM64X1S_HD606
INFO: [VRFC 10-311] analyzing module RAM64X1S_HD607
INFO: [VRFC 10-311] analyzing module RAM64X1S_HD608
INFO: [VRFC 10-311] analyzing module RAM64X1S_HD609
INFO: [VRFC 10-311] analyzing module RAM64X1S_HD610
INFO: [VRFC 10-311] analyzing module RAM64X1S_HD611
INFO: [VRFC 10-311] analyzing module RAM64X1S_HD612
INFO: [VRFC 10-311] analyzing module RAM64X1S_HD613
INFO: [VRFC 10-311] analyzing module RAM64X1S_HD614
INFO: [VRFC 10-311] analyzing module RAM64X1S_HD615
INFO: [VRFC 10-311] analyzing module RAM64X1S_HD616
INFO: [VRFC 10-311] analyzing module RAM64X1S_HD617
INFO: [VRFC 10-311] analyzing module RAM64X1S_HD618
INFO: [VRFC 10-311] analyzing module RAM64X1S_HD619
INFO: [VRFC 10-311] analyzing module RAM64X1S_HD620
INFO: [VRFC 10-311] analyzing module RAM64X1S_HD621
INFO: [VRFC 10-311] analyzing module RAM64X1S_HD622
INFO: [VRFC 10-311] analyzing module RAM64X1S_HD623
INFO: [VRFC 10-311] analyzing module RAM64X1S_HD624
INFO: [VRFC 10-311] analyzing module RAM64X1S_HD625
INFO: [VRFC 10-311] analyzing module RAM64X1S_HD626
INFO: [VRFC 10-311] analyzing module RAM64X1S_HD627
INFO: [VRFC 10-311] analyzing module RAM64X1S_HD628
INFO: [VRFC 10-311] analyzing module RAM64X1S_HD629
INFO: [VRFC 10-311] analyzing module RAM64X1S_HD630
INFO: [VRFC 10-311] analyzing module RAM64X1S_HD631
INFO: [VRFC 10-311] analyzing module RAM64X1S_HD632
INFO: [VRFC 10-311] analyzing module RAM64X1S_HD633
INFO: [VRFC 10-311] analyzing module RAM64X1S_HD634
INFO: [VRFC 10-311] analyzing module RAM64X1S_HD635
INFO: [VRFC 10-311] analyzing module dist_mem_gen_0
INFO: [VRFC 10-311] analyzing module DMEM
INFO: [VRFC 10-311] analyzing module Hi
INFO: [VRFC 10-311] analyzing module IMEM
INFO: [VRFC 10-311] analyzing module Lo
INFO: [VRFC 10-311] analyzing module MEM
INFO: [VRFC 10-311] analyzing module PC
INFO: [VRFC 10-311] analyzing module Regfile
INFO: [VRFC 10-311] analyzing module controller
INFO: [VRFC 10-311] analyzing module cp0
INFO: [VRFC 10-311] analyzing module cpu
INFO: [VRFC 10-311] analyzing module div
INFO: [VRFC 10-311] analyzing module mult
INFO: [VRFC 10-311] analyzing module sccomp_dataflow
INFO: [VRFC 10-311] analyzing module dist_mem_gen_0_dist_mem_gen_v8_0_10
INFO: [VRFC 10-311] analyzing module dist_mem_gen_0_dist_mem_gen_v8_0_10_synth
INFO: [VRFC 10-311] analyzing module dist_mem_gen_0_spram
INFO: [VRFC 10-311] analyzing module glbl
INFO: [VRFC 10-2263] Analyzing Verilog file "D:/Desktop/SCCPU54/sccpu54/sccpu54.srcs/sim_1/new/tb.v" into library xil_defaultlib
INFO: [VRFC 10-311] analyzing module tb
